C:\USERS\YANG\DESKTOP\CHOOSEPICTURE\CHOOSEPICTURE\X64\DEBUG\SQLOPERATION.OBJ
C:\USERS\YANG\DESKTOP\CHOOSEPICTURE\CHOOSEPICTURE\X64\DEBUG\SQLAFS.OBJ
C:\USERS\YANG\DESKTOP\CHOOSEPICTURE\CHOOSEPICTURE\X64\DEBUG\QSQLITEUTIL.OBJ
C:\USERS\YANG\DESKTOP\CHOOSEPICTURE\CHOOSEPICTURE\X64\DEBUG\MAIN.OBJ
C:\USERS\YANG\DESKTOP\CHOOSEPICTURE\CHOOSEPICTURE\X64\DEBUG\MOC_CHOOSEPICTURE.OBJ
C:\USERS\YANG\DESKTOP\CHOOSEPICTURE\CHOOSEPICTURE\X64\DEBUG\CHOOSEPICTURE.OBJ
C:\USERS\YANG\DESKTOP\CHOOSEPICTURE\CHOOSEPICTURE\X64\DEBUG\VC110.PDB
C:\USERS\YANG\DESKTOP\CHOOSEPICTURE\CHOOSEPICTURE\X64\DEBUG\QRC_CHOOSEPICTURE.OBJ
C:\USERS\YANG\DESKTOP\CHOOSEPICTURE\CHOOSEPICTURE\GENERATEDFILES\UI_CHOOSEPICTURE.H
C:\USERS\YANG\DESKTOP\CHOOSEPICTURE\CHOOSEPICTURE\GENERATEDFILES\QRC_CHOOSEPICTURE.CPP
C:\USERS\YANG\DESKTOP\CHOOSEPICTURE\CHOOSEPICTURE\GENERATEDFILES\DEBUG\MOC_CHOOSEPICTURE.CPP
C:\USERS\YANG\DESKTOP\CHOOSEPICTURE\X64\DEBUG\CHOOSEPICTURE.ILK
C:\USERS\YANG\DESKTOP\CHOOSEPICTURE\X64\DEBUG\CHOOSEPICTURE.EXE
C:\USERS\YANG\DESKTOP\CHOOSEPICTURE\X64\DEBUG\CHOOSEPICTURE.PDB
C:\Users\yang\Desktop\choosePicture\choosePicture\x64\Debug\choosepicture.obj
C:\Users\yang\Desktop\choosePicture\choosePicture\x64\Debug\main.obj
C:\Users\yang\Desktop\choosePicture\choosePicture\x64\Debug\moc_choosepicture.obj
C:\Users\yang\Desktop\choosePicture\choosePicture\x64\Debug\qrc_choosepicture.obj
C:\Users\yang\Desktop\choosePicture\choosePicture\x64\Debug\QSqliteUtil.obj
C:\Users\yang\Desktop\choosePicture\choosePicture\x64\Debug\sqlAfs.obj
C:\Users\yang\Desktop\choosePicture\choosePicture\x64\Debug\sqlOperation.obj
C:\Users\yang\Desktop\choosePicture\choosePicture\x64\Debug\cl.command.1.tlog
C:\Users\yang\Desktop\choosePicture\choosePicture\x64\Debug\CL.read.1.tlog
C:\Users\yang\Desktop\choosePicture\choosePicture\x64\Debug\CL.write.1.tlog
C:\Users\yang\Desktop\choosePicture\choosePicture\x64\Debug\custombuild.command.1.tlog
C:\Users\yang\Desktop\choosePicture\choosePicture\x64\Debug\custombuild.read.1.tlog
C:\Users\yang\Desktop\choosePicture\choosePicture\x64\Debug\custombuild.write.1.tlog
C:\Users\yang\Desktop\choosePicture\choosePicture\x64\Debug\link-cvtres.read.1.tlog
C:\Users\yang\Desktop\choosePicture\choosePicture\x64\Debug\link-cvtres.write.1.tlog
C:\Users\yang\Desktop\choosePicture\choosePicture\x64\Debug\link-rc.read.1.tlog
C:\Users\yang\Desktop\choosePicture\choosePicture\x64\Debug\link-rc.write.1.tlog
C:\Users\yang\Desktop\choosePicture\choosePicture\x64\Debug\link.336-cvtres.read.1.tlog
C:\Users\yang\Desktop\choosePicture\choosePicture\x64\Debug\link.336-cvtres.write.1.tlog
C:\Users\yang\Desktop\choosePicture\choosePicture\x64\Debug\link.336-rc.read.1.tlog
C:\Users\yang\Desktop\choosePicture\choosePicture\x64\Debug\link.336-rc.write.1.tlog
C:\Users\yang\Desktop\choosePicture\choosePicture\x64\Debug\link.336.read.1.tlog
C:\Users\yang\Desktop\choosePicture\choosePicture\x64\Debug\link.336.write.1.tlog
C:\Users\yang\Desktop\choosePicture\choosePicture\x64\Debug\link.5484-cvtres.read.1.tlog
C:\Users\yang\Desktop\choosePicture\choosePicture\x64\Debug\link.5484-cvtres.write.1.tlog
C:\Users\yang\Desktop\choosePicture\choosePicture\x64\Debug\link.5484-rc.read.1.tlog
C:\Users\yang\Desktop\choosePicture\choosePicture\x64\Debug\link.5484-rc.write.1.tlog
C:\Users\yang\Desktop\choosePicture\choosePicture\x64\Debug\link.5484.read.1.tlog
C:\Users\yang\Desktop\choosePicture\choosePicture\x64\Debug\link.5484.write.1.tlog
C:\Users\yang\Desktop\choosePicture\choosePicture\x64\Debug\link.command.1.tlog
C:\Users\yang\Desktop\choosePicture\choosePicture\x64\Debug\link.read.1.tlog
C:\Users\yang\Desktop\choosePicture\choosePicture\x64\Debug\link.write.1.tlog
C:\Users\yang\Desktop\choosePicture\choosePicture\x64\Debug\vc110.pdb
C:\Users\yang\Desktop\choosePicture\x64\Debug\choosePicture.pdb
C:\Users\yang\Desktop\choosePicture\x64\Debug\choosePicture.exe
C:\Users\yang\Desktop\choosePicture\x64\Debug\choosePicture.ilk
