C:\USERS\YANG\DESKTOP\CHOOSEPICTURE\CHOOSEPICTURE\X64\RELEASE\SQLOPERATION.OBJ
C:\USERS\YANG\DESKTOP\CHOOSEPICTURE\CHOOSEPICTURE\X64\RELEASE\SQLAFS.OBJ
C:\USERS\YANG\DESKTOP\CHOOSEPICTURE\CHOOSEPICTURE\X64\RELEASE\QSQLITEUTIL.OBJ
C:\USERS\YANG\DESKTOP\CHOOSEPICTURE\CHOOSEPICTURE\X64\RELEASE\MAIN.OBJ
C:\USERS\YANG\DESKTOP\CHOOSEPICTURE\CHOOSEPICTURE\X64\RELEASE\MOC_CHOOSEPICTURE.OBJ
C:\USERS\YANG\DESKTOP\CHOOSEPICTURE\CHOOSEPICTURE\X64\RELEASE\CHOOSEPICTURE.OBJ
C:\USERS\YANG\DESKTOP\CHOOSEPICTURE\CHOOSEPICTURE\X64\RELEASE\QRC_CHOOSEPICTURE.OBJ
C:\USERS\YANG\DESKTOP\CHOOSEPICTURE\CHOOSEPICTURE\GENERATEDFILES\UI_CHOOSEPICTURE.H
C:\USERS\YANG\DESKTOP\CHOOSEPICTURE\CHOOSEPICTURE\GENERATEDFILES\QRC_CHOOSEPICTURE.CPP
C:\USERS\YANG\DESKTOP\CHOOSEPICTURE\CHOOSEPICTURE\GENERATEDFILES\RELEASE\MOC_CHOOSEPICTURE.CPP
C:\USERS\YANG\DESKTOP\CHOOSEPICTURE\X64\RELEASE\CHOOSEPICTURE.EXE
C:\Users\yang\Desktop\choosePicture\choosePicture\x64\Release\choosepicture.obj
C:\Users\yang\Desktop\choosePicture\choosePicture\x64\Release\main.obj
C:\Users\yang\Desktop\choosePicture\choosePicture\x64\Release\moc_choosepicture.obj
C:\Users\yang\Desktop\choosePicture\choosePicture\x64\Release\qrc_choosepicture.obj
C:\Users\yang\Desktop\choosePicture\choosePicture\x64\Release\QSqliteUtil.obj
C:\Users\yang\Desktop\choosePicture\choosePicture\x64\Release\sqlAfs.obj
C:\Users\yang\Desktop\choosePicture\choosePicture\x64\Release\sqlOperation.obj
C:\Users\yang\Desktop\choosePicture\choosePicture\x64\Release\cl.command.1.tlog
C:\Users\yang\Desktop\choosePicture\choosePicture\x64\Release\CL.read.1.tlog
C:\Users\yang\Desktop\choosePicture\choosePicture\x64\Release\CL.write.1.tlog
C:\Users\yang\Desktop\choosePicture\choosePicture\x64\Release\custombuild.command.1.tlog
C:\Users\yang\Desktop\choosePicture\choosePicture\x64\Release\custombuild.read.1.tlog
C:\Users\yang\Desktop\choosePicture\choosePicture\x64\Release\custombuild.write.1.tlog
C:\Users\yang\Desktop\choosePicture\choosePicture\x64\Release\link-cvtres.read.1.tlog
C:\Users\yang\Desktop\choosePicture\choosePicture\x64\Release\link-cvtres.write.1.tlog
C:\Users\yang\Desktop\choosePicture\choosePicture\x64\Release\link-rc.read.1.tlog
C:\Users\yang\Desktop\choosePicture\choosePicture\x64\Release\link-rc.write.1.tlog
C:\Users\yang\Desktop\choosePicture\choosePicture\x64\Release\link.command.1.tlog
C:\Users\yang\Desktop\choosePicture\choosePicture\x64\Release\link.read.1.tlog
C:\Users\yang\Desktop\choosePicture\choosePicture\x64\Release\link.write.1.tlog
C:\Users\yang\Desktop\choosePicture\x64\Release\choosePicture.exe
